<?xml version="1.0" encoding="UTF-8"?>
<testng-results ignored="0" total="5" passed="5" failed="0" skipped="0">
  <reporter-output>
  </reporter-output>
  <suite started-at="2024-07-10T07:31:30Z" name="Default suite" finished-at="2024-07-10T07:31:50Z" duration-ms="20197">
    <groups>
    </groups>
    <test started-at="2024-07-10T07:31:30Z" name="Default test" finished-at="2024-07-10T07:31:50Z" duration-ms="20197">
      <class name="DataProvider.WorkingWithDataProvider">
        <test-method signature="loginIntoActiTime(java.lang.String, java.lang.String)[pri:0, instance:DataProvider.WorkingWithDataProvider@21337f7b]" started-at="2024-07-10T07:31:30Z" name="loginIntoActiTime" data-provider="TestData" finished-at="2024-07-10T07:31:36Z" duration-ms="5379" status="PASS">
          <params>
            <param index="0">
              <value>
                <![CDATA[admin56342]]>
              </value>
            </param>
            <param index="1">
              <value>
                <![CDATA[admin56342]]>
              </value>
            </param>
          </params>
          <reporter-output>
          </reporter-output>
        </test-method> <!-- loginIntoActiTime -->
        <test-method signature="loginIntoActiTime(java.lang.String, java.lang.String)[pri:0, instance:DataProvider.WorkingWithDataProvider@21337f7b]" started-at="2024-07-10T07:31:36Z" name="loginIntoActiTime" data-provider="TestData" finished-at="2024-07-10T07:31:39Z" duration-ms="3715" status="PASS">
          <params>
            <param index="0">
              <value>
                <![CDATA[admin56342]]>
              </value>
            </param>
            <param index="1">
              <value>
                <![CDATA[admin56342]]>
              </value>
            </param>
          </params>
          <reporter-output>
          </reporter-output>
        </test-method> <!-- loginIntoActiTime -->
        <test-method signature="loginIntoActiTime(java.lang.String, java.lang.String)[pri:0, instance:DataProvider.WorkingWithDataProvider@21337f7b]" started-at="2024-07-10T07:31:39Z" name="loginIntoActiTime" data-provider="TestData" finished-at="2024-07-10T07:31:43Z" duration-ms="3905" status="PASS">
          <params>
            <param index="0">
              <value>
                <![CDATA[admin56342]]>
              </value>
            </param>
            <param index="1">
              <value>
                <![CDATA[admin56342]]>
              </value>
            </param>
          </params>
          <reporter-output>
          </reporter-output>
        </test-method> <!-- loginIntoActiTime -->
        <test-method signature="loginIntoActiTime(java.lang.String, java.lang.String)[pri:0, instance:DataProvider.WorkingWithDataProvider@21337f7b]" started-at="2024-07-10T07:31:43Z" name="loginIntoActiTime" data-provider="TestData" finished-at="2024-07-10T07:31:47Z" duration-ms="3506" status="PASS">
          <params>
            <param index="0">
              <value>
                <![CDATA[admin56342]]>
              </value>
            </param>
            <param index="1">
              <value>
                <![CDATA[admin56342]]>
              </value>
            </param>
          </params>
          <reporter-output>
          </reporter-output>
        </test-method> <!-- loginIntoActiTime -->
        <test-method signature="loginIntoActiTime(java.lang.String, java.lang.String)[pri:0, instance:DataProvider.WorkingWithDataProvider@21337f7b]" started-at="2024-07-10T07:31:47Z" name="loginIntoActiTime" data-provider="TestData" finished-at="2024-07-10T07:31:50Z" duration-ms="3593" status="PASS">
          <params>
            <param index="0">
              <value>
                <![CDATA[admin56342]]>
              </value>
            </param>
            <param index="1">
              <value>
                <![CDATA[admin56342]]>
              </value>
            </param>
          </params>
          <reporter-output>
          </reporter-output>
        </test-method> <!-- loginIntoActiTime -->
      </class> <!-- DataProvider.WorkingWithDataProvider -->
    </test> <!-- Default test -->
  </suite> <!-- Default suite -->
</testng-results>
